<?xml version="1.0" encoding="UTF-8" ?>
<testsuites name="vitest tests" tests="2" failures="0" errors="0" time="0.040883042">
    <testsuite name="src/app/app.spec.ts" timestamp="2026-04-15T18:35:37.532Z" hostname="MacBook-Pro-von-Johannes.local" tests="2" failures="0" errors="0" skipped="0" time="0.040883042">
        <testcase classname="src/app/app.spec.ts" name="App &gt; should create the app" time="0.028739041">
        </testcase>
        <testcase classname="src/app/app.spec.ts" name="App &gt; should render title" time="0.011548583">
        </testcase>
    </testsuite>
</testsuites>
